<?xml version="1.0" encoding="UTF-8"?>
<coverage generated="1731287291411" clover="3.2.0">
  <project timestamp="1731287291411" name="All files">
    <metrics statements="60" coveredstatements="57" conditionals="47" coveredconditionals="32" methods="11" coveredmethods="9" elements="118" coveredelements="98" complexity="0" loc="60" ncloc="60" packages="1" files="1" classes="1"/>
    <file name="index.ts" path="/Users/pengbo43/my_code/prefix-log/lib/index.ts">
      <metrics statements="60" coveredstatements="57" conditionals="47" coveredconditionals="32" methods="11" coveredmethods="9"/>
      <line num="1" count="2" type="stmt"/>
      <line num="2" count="2" type="stmt"/>
      <line num="4" count="2" type="cond" truecount="2" falsecount="0"/>
      <line num="5" count="9" type="stmt"/>
      <line num="6" count="6" type="stmt"/>
      <line num="7" count="4" type="stmt"/>
      <line num="8" count="4" type="stmt"/>
      <line num="10" count="4" type="cond" truecount="4" falsecount="2"/>
      <line num="11" count="12" type="cond" truecount="4" falsecount="2"/>
      <line num="12" count="4" type="cond" truecount="0" falsecount="1"/>
      <line num="13" count="4" type="cond" truecount="1" falsecount="1"/>
      <line num="14" count="4" type="cond" truecount="3" falsecount="0"/>
      <line num="15" count="1" type="stmt"/>
      <line num="17" count="4" type="stmt"/>
      <line num="18" count="4" type="cond" truecount="2" falsecount="0"/>
      <line num="20" count="4" type="stmt"/>
      <line num="21" count="4" type="stmt"/>
      <line num="22" count="4" type="stmt"/>
      <line num="23" count="4" type="cond" truecount="1" falsecount="0"/>
      <line num="24" count="3" type="stmt"/>
      <line num="25" count="3" type="stmt"/>
      <line num="26" count="3" type="stmt"/>
      <line num="27" count="3" type="stmt"/>
      <line num="28" count="3" type="stmt"/>
      <line num="30" count="4" type="stmt"/>
      <line num="31" count="4" type="stmt"/>
      <line num="32" count="4" type="stmt"/>
      <line num="34" count="4" type="stmt"/>
      <line num="39" count="2" type="cond" truecount="0" falsecount="2"/>
      <line num="40" count="4" type="stmt"/>
      <line num="41" count="9" type="stmt"/>
      <line num="43" count="4" type="stmt"/>
      <line num="44" count="4" type="stmt"/>
      <line num="45" count="4" type="stmt"/>
      <line num="47" count="4" type="cond" truecount="4" falsecount="2"/>
      <line num="48" count="12" type="cond" truecount="4" falsecount="2"/>
      <line num="49" count="4" type="cond" truecount="0" falsecount="1"/>
      <line num="50" count="4" type="cond" truecount="1" falsecount="1"/>
      <line num="51" count="4" type="cond" truecount="3" falsecount="0"/>
      <line num="52" count="1" type="stmt"/>
      <line num="54" count="4" type="stmt"/>
      <line num="55" count="4" type="cond" truecount="2" falsecount="0"/>
      <line num="57" count="4" type="stmt"/>
      <line num="58" count="4" type="stmt"/>
      <line num="59" count="4" type="stmt"/>
      <line num="60" count="4" type="cond" truecount="1" falsecount="0"/>
      <line num="61" count="3" type="stmt"/>
      <line num="62" count="3" type="stmt"/>
      <line num="63" count="3" type="stmt"/>
      <line num="64" count="3" type="stmt"/>
      <line num="65" count="3" type="stmt"/>
      <line num="67" count="4" type="stmt"/>
      <line num="68" count="4" type="stmt"/>
      <line num="69" count="4" type="stmt"/>
      <line num="74" count="2" type="stmt"/>
      <line num="75" count="0" type="stmt"/>
      <line num="78" count="2" type="stmt"/>
      <line num="80" count="2" type="cond" truecount="0" falsecount="1"/>
      <line num="83" count="0" type="stmt"/>
      <line num="84" count="0" type="stmt"/>
    </file>
  </project>
</coverage>
