<?xml version="1.0" encoding="UTF-8"?>
<coverage generated="1731291344064" clover="3.2.0">
  <project timestamp="1731291344064" name="All files">
    <metrics statements="61" coveredstatements="60" conditionals="50" coveredconditionals="30" methods="10" coveredmethods="9" elements="121" coveredelements="99" complexity="0" loc="61" ncloc="61" packages="1" files="1" classes="1"/>
    <file name="index.ts" path="/Users/pengbo43/my_code/prefix-log/lib/index.ts">
      <metrics statements="61" coveredstatements="60" conditionals="50" coveredconditionals="30" methods="10" coveredmethods="9"/>
      <line num="1" count="2" type="stmt"/>
      <line num="3" count="2" type="cond" truecount="0" falsecount="2"/>
      <line num="4" count="4" type="stmt"/>
      <line num="5" count="12" type="stmt"/>
      <line num="6" count="4" type="stmt"/>
      <line num="7" count="4" type="stmt"/>
      <line num="8" count="4" type="stmt"/>
      <line num="10" count="4" type="cond" truecount="4" falsecount="2"/>
      <line num="11" count="12" type="cond" truecount="4" falsecount="2"/>
      <line num="12" count="4" type="cond" truecount="0" falsecount="2"/>
      <line num="13" count="4" type="stmt"/>
      <line num="14" count="4" type="cond" truecount="1" falsecount="2"/>
      <line num="15" count="4" type="stmt"/>
      <line num="16" count="4" type="cond" truecount="3" falsecount="0"/>
      <line num="17" count="1" type="stmt"/>
      <line num="19" count="4" type="stmt"/>
      <line num="20" count="4" type="cond" truecount="2" falsecount="0"/>
      <line num="22" count="4" type="stmt"/>
      <line num="23" count="4" type="stmt"/>
      <line num="24" count="4" type="stmt"/>
      <line num="25" count="4" type="cond" truecount="1" falsecount="0"/>
      <line num="26" count="4" type="stmt"/>
      <line num="27" count="4" type="stmt"/>
      <line num="28" count="4" type="stmt"/>
      <line num="29" count="4" type="stmt"/>
      <line num="30" count="4" type="stmt"/>
      <line num="32" count="4" type="stmt"/>
      <line num="33" count="4" type="stmt"/>
      <line num="34" count="4" type="stmt"/>
      <line num="36" count="4" type="stmt"/>
      <line num="41" count="2" type="cond" truecount="0" falsecount="2"/>
      <line num="42" count="4" type="stmt"/>
      <line num="43" count="4" type="stmt"/>
      <line num="44" count="12" type="stmt"/>
      <line num="46" count="4" type="stmt"/>
      <line num="47" count="4" type="stmt"/>
      <line num="48" count="4" type="stmt"/>
      <line num="50" count="4" type="cond" truecount="4" falsecount="2"/>
      <line num="51" count="12" type="cond" truecount="4" falsecount="2"/>
      <line num="52" count="4" type="cond" truecount="0" falsecount="2"/>
      <line num="53" count="4" type="stmt"/>
      <line num="54" count="4" type="cond" truecount="1" falsecount="2"/>
      <line num="55" count="4" type="stmt"/>
      <line num="56" count="4" type="cond" truecount="3" falsecount="0"/>
      <line num="57" count="1" type="stmt"/>
      <line num="59" count="4" type="stmt"/>
      <line num="60" count="4" type="cond" truecount="2" falsecount="0"/>
      <line num="62" count="4" type="stmt"/>
      <line num="63" count="4" type="stmt"/>
      <line num="64" count="4" type="stmt"/>
      <line num="65" count="4" type="cond" truecount="1" falsecount="0"/>
      <line num="66" count="4" type="stmt"/>
      <line num="67" count="4" type="stmt"/>
      <line num="68" count="4" type="stmt"/>
      <line num="69" count="4" type="stmt"/>
      <line num="70" count="4" type="stmt"/>
      <line num="72" count="4" type="stmt"/>
      <line num="73" count="4" type="stmt"/>
      <line num="74" count="4" type="stmt"/>
      <line num="79" count="2" type="stmt"/>
      <line num="80" count="0" type="stmt"/>
    </file>
  </project>
</coverage>
