{"/Users/pengbo43/my_code/prefix-log/lib/index.ts": {"path":"/Users/pengbo43/my_code/prefix-log/lib/index.ts","statementMap":{"0":{"start":{"line":1,"column":13},"end":{"line":1,"column":null}},"1":{"start":{"line":3,"column":31},"end":{"line":37,"column":1}},"2":{"start":{"line":4,"column":40},"end":{"line":4,"column":42}},"3":{"start":{"line":5,"column":20},"end":{"line":5,"column":120}},"4":{"start":{"line":5,"column":37},"end":{"line":5,"column":120}},"5":{"start":{"line":6,"column":2},"end":{"line":36,"column":null}},"6":{"start":{"line":7,"column":4},"end":{"line":35,"column":null}},"7":{"start":{"line":8,"column":6},"end":{"line":8,"column":null}},"8":{"start":{"line":10,"column":20},"end":{"line":10,"column":60}},"9":{"start":{"line":11,"column":23},"end":{"line":11,"column":82}},"10":{"start":{"line":11,"column":65},"end":{"line":11,"column":75}},"11":{"start":{"line":12,"column":31},"end":{"line":12,"column":39}},"12":{"start":{"line":13,"column":26},"end":{"line":13,"column":63}},"13":{"start":{"line":14,"column":6},"end":{"line":16,"column":null}},"14":{"start":{"line":15,"column":8},"end":{"line":15,"column":null}},"15":{"start":{"line":17,"column":19},"end":{"line":17,"column":32}},"16":{"start":{"line":18,"column":6},"end":{"line":18,"column":null}},"17":{"start":{"line":20,"column":25},"end":{"line":20,"column":46}},"18":{"start":{"line":21,"column":6},"end":{"line":21,"column":null}},"19":{"start":{"line":22,"column":18},"end":{"line":22,"column":31}},"20":{"start":{"line":23,"column":6},"end":{"line":29,"column":null}},"21":{"start":{"line":24,"column":20},"end":{"line":24,"column":49}},"22":{"start":{"line":25,"column":21},"end":{"line":25,"column":115}},"23":{"start":{"line":26,"column":8},"end":{"line":26,"column":null}},"24":{"start":{"line":27,"column":8},"end":{"line":27,"column":null}},"25":{"start":{"line":28,"column":8},"end":{"line":28,"column":null}},"26":{"start":{"line":30,"column":6},"end":{"line":30,"column":null}},"27":{"start":{"line":31,"column":6},"end":{"line":31,"column":null}},"28":{"start":{"line":32,"column":6},"end":{"line":32,"column":null}},"29":{"start":{"line":34,"column":6},"end":{"line":34,"column":null}},"30":{"start":{"line":3,"column":13},"end":{"line":3,"column":31}},"31":{"start":{"line":39,"column":35},"end":{"line":73,"column":1}},"32":{"start":{"line":40,"column":40},"end":{"line":40,"column":42}},"33":{"start":{"line":41,"column":20},"end":{"line":41,"column":89}},"34":{"start":{"line":41,"column":66},"end":{"line":41,"column":89}},"35":{"start":{"line":42,"column":20},"end":{"line":42,"column":120}},"36":{"start":{"line":42,"column":37},"end":{"line":42,"column":120}},"37":{"start":{"line":44,"column":2},"end":{"line":72,"column":null}},"38":{"start":{"line":45,"column":4},"end":{"line":71,"column":null}},"39":{"start":{"line":46,"column":6},"end":{"line":46,"column":null}},"40":{"start":{"line":48,"column":20},"end":{"line":48,"column":60}},"41":{"start":{"line":49,"column":23},"end":{"line":49,"column":82}},"42":{"start":{"line":49,"column":65},"end":{"line":49,"column":75}},"43":{"start":{"line":50,"column":31},"end":{"line":50,"column":39}},"44":{"start":{"line":51,"column":26},"end":{"line":51,"column":63}},"45":{"start":{"line":52,"column":6},"end":{"line":54,"column":null}},"46":{"start":{"line":53,"column":8},"end":{"line":53,"column":null}},"47":{"start":{"line":55,"column":19},"end":{"line":55,"column":32}},"48":{"start":{"line":56,"column":6},"end":{"line":56,"column":null}},"49":{"start":{"line":58,"column":25},"end":{"line":58,"column":46}},"50":{"start":{"line":59,"column":6},"end":{"line":59,"column":null}},"51":{"start":{"line":60,"column":18},"end":{"line":60,"column":31}},"52":{"start":{"line":61,"column":6},"end":{"line":67,"column":null}},"53":{"start":{"line":62,"column":20},"end":{"line":62,"column":49}},"54":{"start":{"line":63,"column":21},"end":{"line":63,"column":76}},"55":{"start":{"line":64,"column":8},"end":{"line":64,"column":null}},"56":{"start":{"line":65,"column":8},"end":{"line":65,"column":null}},"57":{"start":{"line":66,"column":8},"end":{"line":66,"column":null}},"58":{"start":{"line":68,"column":6},"end":{"line":68,"column":null}},"59":{"start":{"line":69,"column":6},"end":{"line":69,"column":null}},"60":{"start":{"line":70,"column":6},"end":{"line":70,"column":null}},"61":{"start":{"line":39,"column":13},"end":{"line":39,"column":35}},"62":{"start":{"line":75,"column":28},"end":{"line":77,"column":1}},"63":{"start":{"line":76,"column":2},"end":{"line":76,"column":null}},"64":{"start":{"line":75,"column":13},"end":{"line":75,"column":28}},"65":{"start":{"line":79,"column":13},"end":{"line":79,"column":null}},"66":{"start":{"line":81,"column":24},"end":{"line":86,"column":1}},"67":{"start":{"line":84,"column":2},"end":{"line":84,"column":null}},"68":{"start":{"line":85,"column":2},"end":{"line":85,"column":null}},"69":{"start":{"line":81,"column":13},"end":{"line":81,"column":24}}},"fnMap":{"0":{"name":"(anonymous_0)","decl":{"start":{"line":3,"column":31},"end":{"line":3,"column":32}},"loc":{"start":{"line":3,"column":83},"end":{"line":37,"column":1}}},"1":{"name":"(anonymous_1)","decl":{"start":{"line":5,"column":20},"end":{"line":5,"column":21}},"loc":{"start":{"line":5,"column":37},"end":{"line":5,"column":120}}},"2":{"name":"(anonymous_2)","decl":{"start":{"line":6,"column":9},"end":{"line":6,"column":10}},"loc":{"start":{"line":6,"column":45},"end":{"line":36,"column":3}}},"3":{"name":"(anonymous_3)","decl":{"start":{"line":11,"column":58},"end":{"line":11,"column":61}},"loc":{"start":{"line":11,"column":65},"end":{"line":11,"column":75}}},"4":{"name":"(anonymous_4)","decl":{"start":{"line":39,"column":35},"end":{"line":39,"column":36}},"loc":{"start":{"line":39,"column":87},"end":{"line":73,"column":1}}},"5":{"name":"(anonymous_5)","decl":{"start":{"line":41,"column":20},"end":{"line":41,"column":21}},"loc":{"start":{"line":41,"column":66},"end":{"line":41,"column":89}}},"6":{"name":"(anonymous_6)","decl":{"start":{"line":42,"column":20},"end":{"line":42,"column":21}},"loc":{"start":{"line":42,"column":37},"end":{"line":42,"column":120}}},"7":{"name":"(anonymous_7)","decl":{"start":{"line":44,"column":9},"end":{"line":44,"column":10}},"loc":{"start":{"line":44,"column":45},"end":{"line":72,"column":3}}},"8":{"name":"(anonymous_8)","decl":{"start":{"line":49,"column":58},"end":{"line":49,"column":61}},"loc":{"start":{"line":49,"column":65},"end":{"line":49,"column":75}}},"9":{"name":"(anonymous_9)","decl":{"start":{"line":75,"column":28},"end":{"line":75,"column":31}},"loc":{"start":{"line":75,"column":33},"end":{"line":77,"column":1}}},"10":{"name":"(anonymous_10)","decl":{"start":{"line":81,"column":24},"end":{"line":81,"column":25}},"loc":{"start":{"line":81,"column":48},"end":{"line":86,"column":1}}}},"branchMap":{"0":{"loc":{"start":{"line":3,"column":32},"end":{"line":3,"column":46}},"type":"default-arg","locations":[{"start":{"line":3,"column":42},"end":{"line":3,"column":46}}]},"1":{"loc":{"start":{"line":3,"column":48},"end":{"line":3,"column":79}},"type":"default-arg","locations":[{"start":{"line":3,"column":54},"end":{"line":3,"column":79}}]},"2":{"loc":{"start":{"line":10,"column":20},"end":{"line":10,"column":60}},"type":"binary-expr","locations":[{"start":{"line":10,"column":20},"end":{"line":10,"column":54}},{"start":{"line":10,"column":58},"end":{"line":10,"column":60}}]},"3":{"loc":{"start":{"line":10,"column":20},"end":{"line":10,"column":54}},"type":"cond-expr","locations":[{"start":{"line":10,"column":38},"end":{"line":10,"column":40}},{"start":{"line":10,"column":38},"end":{"line":10,"column":54}}]},"4":{"loc":{"start":{"line":10,"column":20},"end":{"line":10,"column":40}},"type":"binary-expr","locations":[{"start":{"line":10,"column":20},"end":{"line":10,"column":40}},{"start":{"line":10,"column":38},"end":{"line":10,"column":40}}]},"5":{"loc":{"start":{"line":11,"column":23},"end":{"line":11,"column":82}},"type":"binary-expr","locations":[{"start":{"line":11,"column":23},"end":{"line":11,"column":76}},{"start":{"line":11,"column":80},"end":{"line":11,"column":82}}]},"6":{"loc":{"start":{"line":11,"column":23},"end":{"line":11,"column":76}},"type":"cond-expr","locations":[{"start":{"line":11,"column":52},"end":{"line":11,"column":54}},{"start":{"line":11,"column":52},"end":{"line":11,"column":76}}]},"7":{"loc":{"start":{"line":11,"column":23},"end":{"line":11,"column":54}},"type":"binary-expr","locations":[{"start":{"line":11,"column":23},"end":{"line":11,"column":54}},{"start":{"line":11,"column":52},"end":{"line":11,"column":54}}]},"8":{"loc":{"start":{"line":12,"column":15},"end":{"line":12,"column":27}},"type":"default-arg","locations":[{"start":{"line":12,"column":25},"end":{"line":12,"column":27}}]},"9":{"loc":{"start":{"line":13,"column":26},"end":{"line":13,"column":63}},"type":"cond-expr","locations":[{"start":{"line":13,"column":36},"end":{"line":13,"column":58}},{"start":{"line":13,"column":61},"end":{"line":13,"column":63}}]},"10":{"loc":{"start":{"line":14,"column":6},"end":{"line":16,"column":null}},"type":"if","locations":[{"start":{"line":14,"column":6},"end":{"line":16,"column":null}}]},"11":{"loc":{"start":{"line":14,"column":10},"end":{"line":14,"column":48}},"type":"binary-expr","locations":[{"start":{"line":14,"column":10},"end":{"line":14,"column":37}},{"start":{"line":14,"column":41},"end":{"line":14,"column":48}}]},"12":{"loc":{"start":{"line":17,"column":19},"end":{"line":17,"column":32}},"type":"binary-expr","locations":[{"start":{"line":17,"column":19},"end":{"line":17,"column":26}},{"start":{"line":17,"column":30},"end":{"line":17,"column":32}}]},"13":{"loc":{"start":{"line":18,"column":15},"end":{"line":18,"column":97}},"type":"cond-expr","locations":[{"start":{"line":18,"column":62},"end":{"line":18,"column":68}},{"start":{"line":18,"column":71},"end":{"line":18,"column":97}}]},"14":{"loc":{"start":{"line":18,"column":16},"end":{"line":18,"column":58}},"type":"binary-expr","locations":[{"start":{"line":18,"column":16},"end":{"line":18,"column":24}},{"start":{"line":18,"column":28},"end":{"line":18,"column":58}}]},"15":{"loc":{"start":{"line":23,"column":6},"end":{"line":29,"column":null}},"type":"if","locations":[{"start":{"line":23,"column":6},"end":{"line":29,"column":null}}]},"16":{"loc":{"start":{"line":39,"column":36},"end":{"line":39,"column":50}},"type":"default-arg","locations":[{"start":{"line":39,"column":46},"end":{"line":39,"column":50}}]},"17":{"loc":{"start":{"line":39,"column":52},"end":{"line":39,"column":83}},"type":"default-arg","locations":[{"start":{"line":39,"column":58},"end":{"line":39,"column":83}}]},"18":{"loc":{"start":{"line":48,"column":20},"end":{"line":48,"column":60}},"type":"binary-expr","locations":[{"start":{"line":48,"column":20},"end":{"line":48,"column":54}},{"start":{"line":48,"column":58},"end":{"line":48,"column":60}}]},"19":{"loc":{"start":{"line":48,"column":20},"end":{"line":48,"column":54}},"type":"cond-expr","locations":[{"start":{"line":48,"column":38},"end":{"line":48,"column":40}},{"start":{"line":48,"column":38},"end":{"line":48,"column":54}}]},"20":{"loc":{"start":{"line":48,"column":20},"end":{"line":48,"column":40}},"type":"binary-expr","locations":[{"start":{"line":48,"column":20},"end":{"line":48,"column":40}},{"start":{"line":48,"column":38},"end":{"line":48,"column":40}}]},"21":{"loc":{"start":{"line":49,"column":23},"end":{"line":49,"column":82}},"type":"binary-expr","locations":[{"start":{"line":49,"column":23},"end":{"line":49,"column":76}},{"start":{"line":49,"column":80},"end":{"line":49,"column":82}}]},"22":{"loc":{"start":{"line":49,"column":23},"end":{"line":49,"column":76}},"type":"cond-expr","locations":[{"start":{"line":49,"column":52},"end":{"line":49,"column":54}},{"start":{"line":49,"column":52},"end":{"line":49,"column":76}}]},"23":{"loc":{"start":{"line":49,"column":23},"end":{"line":49,"column":54}},"type":"binary-expr","locations":[{"start":{"line":49,"column":23},"end":{"line":49,"column":54}},{"start":{"line":49,"column":52},"end":{"line":49,"column":54}}]},"24":{"loc":{"start":{"line":50,"column":15},"end":{"line":50,"column":27}},"type":"default-arg","locations":[{"start":{"line":50,"column":25},"end":{"line":50,"column":27}}]},"25":{"loc":{"start":{"line":51,"column":26},"end":{"line":51,"column":63}},"type":"cond-expr","locations":[{"start":{"line":51,"column":36},"end":{"line":51,"column":58}},{"start":{"line":51,"column":61},"end":{"line":51,"column":63}}]},"26":{"loc":{"start":{"line":52,"column":6},"end":{"line":54,"column":null}},"type":"if","locations":[{"start":{"line":52,"column":6},"end":{"line":54,"column":null}}]},"27":{"loc":{"start":{"line":52,"column":10},"end":{"line":52,"column":48}},"type":"binary-expr","locations":[{"start":{"line":52,"column":10},"end":{"line":52,"column":37}},{"start":{"line":52,"column":41},"end":{"line":52,"column":48}}]},"28":{"loc":{"start":{"line":55,"column":19},"end":{"line":55,"column":32}},"type":"binary-expr","locations":[{"start":{"line":55,"column":19},"end":{"line":55,"column":26}},{"start":{"line":55,"column":30},"end":{"line":55,"column":32}}]},"29":{"loc":{"start":{"line":56,"column":15},"end":{"line":56,"column":97}},"type":"cond-expr","locations":[{"start":{"line":56,"column":62},"end":{"line":56,"column":68}},{"start":{"line":56,"column":71},"end":{"line":56,"column":97}}]},"30":{"loc":{"start":{"line":56,"column":16},"end":{"line":56,"column":58}},"type":"binary-expr","locations":[{"start":{"line":56,"column":16},"end":{"line":56,"column":24}},{"start":{"line":56,"column":28},"end":{"line":56,"column":58}}]},"31":{"loc":{"start":{"line":61,"column":6},"end":{"line":67,"column":null}},"type":"if","locations":[{"start":{"line":61,"column":6},"end":{"line":67,"column":null}}]},"32":{"loc":{"start":{"line":81,"column":25},"end":{"line":81,"column":44}},"type":"default-arg","locations":[{"start":{"line":81,"column":31},"end":{"line":81,"column":44}}]}},"s":{"0":2,"1":2,"2":6,"3":6,"4":12,"5":6,"6":4,"7":4,"8":4,"9":4,"10":12,"11":4,"12":4,"13":4,"14":1,"15":4,"16":4,"17":4,"18":4,"19":4,"20":4,"21":4,"22":4,"23":4,"24":4,"25":4,"26":4,"27":4,"28":4,"29":4,"30":2,"31":2,"32":4,"33":4,"34":4,"35":4,"36":12,"37":4,"38":4,"39":4,"40":4,"41":4,"42":12,"43":4,"44":4,"45":4,"46":1,"47":4,"48":4,"49":4,"50":4,"51":4,"52":4,"53":4,"54":4,"55":4,"56":4,"57":4,"58":4,"59":4,"60":4,"61":2,"62":2,"63":0,"64":2,"65":2,"66":2,"67":0,"68":0,"69":2},"f":{"0":6,"1":12,"2":4,"3":12,"4":4,"5":4,"6":12,"7":4,"8":12,"9":0,"10":0},"b":{"0":[2],"1":[2],"2":[4,0],"3":[0,4],"4":[4,4],"5":[4,0],"6":[0,4],"7":[4,4],"8":[0],"9":[4,0],"10":[1],"11":[4,1],"12":[4,0],"13":[1,3],"14":[4,4],"15":[4],"16":[0],"17":[0],"18":[4,0],"19":[0,4],"20":[4,4],"21":[4,0],"22":[0,4],"23":[4,4],"24":[0],"25":[4,0],"26":[1],"27":[4,1],"28":[4,0],"29":[1,3],"30":[4,4],"31":[4],"32":[0]}}
}
