{"/Users/pengbo43/my_code/prefix-log/lib/index.ts": {"path":"/Users/pengbo43/my_code/prefix-log/lib/index.ts","statementMap":{"0":{"start":{"line":1,"column":38},"end":{"line":1,"column":40}},"1":{"start":{"line":2,"column":13},"end":{"line":2,"column":null}},"2":{"start":{"line":4,"column":31},"end":{"line":37,"column":1}},"3":{"start":{"line":5,"column":20},"end":{"line":5,"column":120}},"4":{"start":{"line":5,"column":37},"end":{"line":5,"column":120}},"5":{"start":{"line":6,"column":2},"end":{"line":36,"column":null}},"6":{"start":{"line":7,"column":4},"end":{"line":35,"column":null}},"7":{"start":{"line":8,"column":6},"end":{"line":8,"column":null}},"8":{"start":{"line":10,"column":20},"end":{"line":10,"column":60}},"9":{"start":{"line":11,"column":23},"end":{"line":11,"column":82}},"10":{"start":{"line":11,"column":65},"end":{"line":11,"column":75}},"11":{"start":{"line":12,"column":31},"end":{"line":12,"column":39}},"12":{"start":{"line":13,"column":26},"end":{"line":13,"column":63}},"13":{"start":{"line":14,"column":6},"end":{"line":16,"column":null}},"14":{"start":{"line":15,"column":8},"end":{"line":15,"column":null}},"15":{"start":{"line":17,"column":19},"end":{"line":17,"column":26}},"16":{"start":{"line":18,"column":6},"end":{"line":18,"column":null}},"17":{"start":{"line":20,"column":25},"end":{"line":20,"column":46}},"18":{"start":{"line":21,"column":6},"end":{"line":21,"column":null}},"19":{"start":{"line":22,"column":18},"end":{"line":22,"column":31}},"20":{"start":{"line":23,"column":6},"end":{"line":29,"column":null}},"21":{"start":{"line":24,"column":20},"end":{"line":24,"column":49}},"22":{"start":{"line":25,"column":21},"end":{"line":25,"column":115}},"23":{"start":{"line":26,"column":8},"end":{"line":26,"column":null}},"24":{"start":{"line":27,"column":8},"end":{"line":27,"column":null}},"25":{"start":{"line":28,"column":8},"end":{"line":28,"column":null}},"26":{"start":{"line":30,"column":6},"end":{"line":30,"column":null}},"27":{"start":{"line":31,"column":6},"end":{"line":31,"column":null}},"28":{"start":{"line":32,"column":6},"end":{"line":32,"column":null}},"29":{"start":{"line":34,"column":6},"end":{"line":34,"column":null}},"30":{"start":{"line":4,"column":13},"end":{"line":4,"column":31}},"31":{"start":{"line":39,"column":35},"end":{"line":72,"column":1}},"32":{"start":{"line":40,"column":20},"end":{"line":40,"column":89}},"33":{"start":{"line":40,"column":66},"end":{"line":40,"column":89}},"34":{"start":{"line":41,"column":20},"end":{"line":41,"column":120}},"35":{"start":{"line":41,"column":37},"end":{"line":41,"column":120}},"36":{"start":{"line":43,"column":2},"end":{"line":71,"column":null}},"37":{"start":{"line":44,"column":4},"end":{"line":70,"column":null}},"38":{"start":{"line":45,"column":6},"end":{"line":45,"column":null}},"39":{"start":{"line":47,"column":20},"end":{"line":47,"column":60}},"40":{"start":{"line":48,"column":23},"end":{"line":48,"column":82}},"41":{"start":{"line":48,"column":65},"end":{"line":48,"column":75}},"42":{"start":{"line":49,"column":31},"end":{"line":49,"column":39}},"43":{"start":{"line":50,"column":26},"end":{"line":50,"column":63}},"44":{"start":{"line":51,"column":6},"end":{"line":53,"column":null}},"45":{"start":{"line":52,"column":8},"end":{"line":52,"column":null}},"46":{"start":{"line":54,"column":19},"end":{"line":54,"column":26}},"47":{"start":{"line":55,"column":6},"end":{"line":55,"column":null}},"48":{"start":{"line":57,"column":25},"end":{"line":57,"column":46}},"49":{"start":{"line":58,"column":6},"end":{"line":58,"column":null}},"50":{"start":{"line":59,"column":18},"end":{"line":59,"column":31}},"51":{"start":{"line":60,"column":6},"end":{"line":66,"column":null}},"52":{"start":{"line":61,"column":20},"end":{"line":61,"column":49}},"53":{"start":{"line":62,"column":21},"end":{"line":62,"column":76}},"54":{"start":{"line":63,"column":8},"end":{"line":63,"column":null}},"55":{"start":{"line":64,"column":8},"end":{"line":64,"column":null}},"56":{"start":{"line":65,"column":8},"end":{"line":65,"column":null}},"57":{"start":{"line":67,"column":6},"end":{"line":67,"column":null}},"58":{"start":{"line":68,"column":6},"end":{"line":68,"column":null}},"59":{"start":{"line":69,"column":6},"end":{"line":69,"column":null}},"60":{"start":{"line":39,"column":13},"end":{"line":39,"column":35}},"61":{"start":{"line":74,"column":28},"end":{"line":76,"column":1}},"62":{"start":{"line":75,"column":2},"end":{"line":75,"column":null}},"63":{"start":{"line":74,"column":13},"end":{"line":74,"column":28}},"64":{"start":{"line":78,"column":13},"end":{"line":78,"column":null}},"65":{"start":{"line":80,"column":24},"end":{"line":85,"column":1}},"66":{"start":{"line":83,"column":2},"end":{"line":83,"column":null}},"67":{"start":{"line":84,"column":2},"end":{"line":84,"column":null}},"68":{"start":{"line":80,"column":13},"end":{"line":80,"column":24}}},"fnMap":{"0":{"name":"(anonymous_0)","decl":{"start":{"line":4,"column":31},"end":{"line":4,"column":32}},"loc":{"start":{"line":4,"column":62},"end":{"line":37,"column":1}}},"1":{"name":"(anonymous_1)","decl":{"start":{"line":5,"column":20},"end":{"line":5,"column":21}},"loc":{"start":{"line":5,"column":37},"end":{"line":5,"column":120}}},"2":{"name":"(anonymous_2)","decl":{"start":{"line":6,"column":9},"end":{"line":6,"column":10}},"loc":{"start":{"line":6,"column":46},"end":{"line":36,"column":3}}},"3":{"name":"(anonymous_3)","decl":{"start":{"line":11,"column":58},"end":{"line":11,"column":61}},"loc":{"start":{"line":11,"column":65},"end":{"line":11,"column":75}}},"4":{"name":"(anonymous_4)","decl":{"start":{"line":39,"column":35},"end":{"line":39,"column":36}},"loc":{"start":{"line":39,"column":66},"end":{"line":72,"column":1}}},"5":{"name":"(anonymous_5)","decl":{"start":{"line":40,"column":20},"end":{"line":40,"column":21}},"loc":{"start":{"line":40,"column":66},"end":{"line":40,"column":89}}},"6":{"name":"(anonymous_6)","decl":{"start":{"line":41,"column":20},"end":{"line":41,"column":21}},"loc":{"start":{"line":41,"column":37},"end":{"line":41,"column":120}}},"7":{"name":"(anonymous_7)","decl":{"start":{"line":43,"column":9},"end":{"line":43,"column":10}},"loc":{"start":{"line":43,"column":46},"end":{"line":71,"column":3}}},"8":{"name":"(anonymous_8)","decl":{"start":{"line":48,"column":58},"end":{"line":48,"column":61}},"loc":{"start":{"line":48,"column":65},"end":{"line":48,"column":75}}},"9":{"name":"(anonymous_9)","decl":{"start":{"line":74,"column":28},"end":{"line":74,"column":31}},"loc":{"start":{"line":74,"column":33},"end":{"line":76,"column":1}}},"10":{"name":"(anonymous_10)","decl":{"start":{"line":80,"column":24},"end":{"line":80,"column":25}},"loc":{"start":{"line":80,"column":48},"end":{"line":85,"column":1}}}},"branchMap":{"0":{"loc":{"start":{"line":4,"column":32},"end":{"line":4,"column":46}},"type":"default-arg","locations":[{"start":{"line":4,"column":42},"end":{"line":4,"column":46}}]},"1":{"loc":{"start":{"line":4,"column":48},"end":{"line":4,"column":58}},"type":"default-arg","locations":[{"start":{"line":4,"column":54},"end":{"line":4,"column":58}}]},"2":{"loc":{"start":{"line":10,"column":20},"end":{"line":10,"column":60}},"type":"binary-expr","locations":[{"start":{"line":10,"column":20},"end":{"line":10,"column":54}},{"start":{"line":10,"column":58},"end":{"line":10,"column":60}}]},"3":{"loc":{"start":{"line":10,"column":20},"end":{"line":10,"column":54}},"type":"cond-expr","locations":[{"start":{"line":10,"column":38},"end":{"line":10,"column":40}},{"start":{"line":10,"column":38},"end":{"line":10,"column":54}}]},"4":{"loc":{"start":{"line":10,"column":20},"end":{"line":10,"column":40}},"type":"binary-expr","locations":[{"start":{"line":10,"column":20},"end":{"line":10,"column":40}},{"start":{"line":10,"column":38},"end":{"line":10,"column":40}}]},"5":{"loc":{"start":{"line":11,"column":23},"end":{"line":11,"column":82}},"type":"binary-expr","locations":[{"start":{"line":11,"column":23},"end":{"line":11,"column":76}},{"start":{"line":11,"column":80},"end":{"line":11,"column":82}}]},"6":{"loc":{"start":{"line":11,"column":23},"end":{"line":11,"column":76}},"type":"cond-expr","locations":[{"start":{"line":11,"column":52},"end":{"line":11,"column":54}},{"start":{"line":11,"column":52},"end":{"line":11,"column":76}}]},"7":{"loc":{"start":{"line":11,"column":23},"end":{"line":11,"column":54}},"type":"binary-expr","locations":[{"start":{"line":11,"column":23},"end":{"line":11,"column":54}},{"start":{"line":11,"column":52},"end":{"line":11,"column":54}}]},"8":{"loc":{"start":{"line":12,"column":15},"end":{"line":12,"column":27}},"type":"default-arg","locations":[{"start":{"line":12,"column":25},"end":{"line":12,"column":27}}]},"9":{"loc":{"start":{"line":13,"column":26},"end":{"line":13,"column":63}},"type":"cond-expr","locations":[{"start":{"line":13,"column":36},"end":{"line":13,"column":58}},{"start":{"line":13,"column":61},"end":{"line":13,"column":63}}]},"10":{"loc":{"start":{"line":14,"column":6},"end":{"line":16,"column":null}},"type":"if","locations":[{"start":{"line":14,"column":6},"end":{"line":16,"column":null}}]},"11":{"loc":{"start":{"line":14,"column":10},"end":{"line":14,"column":48}},"type":"binary-expr","locations":[{"start":{"line":14,"column":10},"end":{"line":14,"column":37}},{"start":{"line":14,"column":41},"end":{"line":14,"column":48}}]},"12":{"loc":{"start":{"line":18,"column":15},"end":{"line":18,"column":83}},"type":"cond-expr","locations":[{"start":{"line":18,"column":48},"end":{"line":18,"column":54}},{"start":{"line":18,"column":57},"end":{"line":18,"column":83}}]},"13":{"loc":{"start":{"line":23,"column":6},"end":{"line":29,"column":null}},"type":"if","locations":[{"start":{"line":23,"column":6},"end":{"line":29,"column":null}}]},"14":{"loc":{"start":{"line":39,"column":36},"end":{"line":39,"column":50}},"type":"default-arg","locations":[{"start":{"line":39,"column":46},"end":{"line":39,"column":50}}]},"15":{"loc":{"start":{"line":39,"column":52},"end":{"line":39,"column":62}},"type":"default-arg","locations":[{"start":{"line":39,"column":58},"end":{"line":39,"column":62}}]},"16":{"loc":{"start":{"line":47,"column":20},"end":{"line":47,"column":60}},"type":"binary-expr","locations":[{"start":{"line":47,"column":20},"end":{"line":47,"column":54}},{"start":{"line":47,"column":58},"end":{"line":47,"column":60}}]},"17":{"loc":{"start":{"line":47,"column":20},"end":{"line":47,"column":54}},"type":"cond-expr","locations":[{"start":{"line":47,"column":38},"end":{"line":47,"column":40}},{"start":{"line":47,"column":38},"end":{"line":47,"column":54}}]},"18":{"loc":{"start":{"line":47,"column":20},"end":{"line":47,"column":40}},"type":"binary-expr","locations":[{"start":{"line":47,"column":20},"end":{"line":47,"column":40}},{"start":{"line":47,"column":38},"end":{"line":47,"column":40}}]},"19":{"loc":{"start":{"line":48,"column":23},"end":{"line":48,"column":82}},"type":"binary-expr","locations":[{"start":{"line":48,"column":23},"end":{"line":48,"column":76}},{"start":{"line":48,"column":80},"end":{"line":48,"column":82}}]},"20":{"loc":{"start":{"line":48,"column":23},"end":{"line":48,"column":76}},"type":"cond-expr","locations":[{"start":{"line":48,"column":52},"end":{"line":48,"column":54}},{"start":{"line":48,"column":52},"end":{"line":48,"column":76}}]},"21":{"loc":{"start":{"line":48,"column":23},"end":{"line":48,"column":54}},"type":"binary-expr","locations":[{"start":{"line":48,"column":23},"end":{"line":48,"column":54}},{"start":{"line":48,"column":52},"end":{"line":48,"column":54}}]},"22":{"loc":{"start":{"line":49,"column":15},"end":{"line":49,"column":27}},"type":"default-arg","locations":[{"start":{"line":49,"column":25},"end":{"line":49,"column":27}}]},"23":{"loc":{"start":{"line":50,"column":26},"end":{"line":50,"column":63}},"type":"cond-expr","locations":[{"start":{"line":50,"column":36},"end":{"line":50,"column":58}},{"start":{"line":50,"column":61},"end":{"line":50,"column":63}}]},"24":{"loc":{"start":{"line":51,"column":6},"end":{"line":53,"column":null}},"type":"if","locations":[{"start":{"line":51,"column":6},"end":{"line":53,"column":null}}]},"25":{"loc":{"start":{"line":51,"column":10},"end":{"line":51,"column":48}},"type":"binary-expr","locations":[{"start":{"line":51,"column":10},"end":{"line":51,"column":37}},{"start":{"line":51,"column":41},"end":{"line":51,"column":48}}]},"26":{"loc":{"start":{"line":55,"column":15},"end":{"line":55,"column":83}},"type":"cond-expr","locations":[{"start":{"line":55,"column":48},"end":{"line":55,"column":54}},{"start":{"line":55,"column":57},"end":{"line":55,"column":83}}]},"27":{"loc":{"start":{"line":60,"column":6},"end":{"line":66,"column":null}},"type":"if","locations":[{"start":{"line":60,"column":6},"end":{"line":66,"column":null}}]},"28":{"loc":{"start":{"line":80,"column":25},"end":{"line":80,"column":44}},"type":"default-arg","locations":[{"start":{"line":80,"column":31},"end":{"line":80,"column":44}}]}},"s":{"0":2,"1":2,"2":2,"3":6,"4":9,"5":6,"6":4,"7":4,"8":4,"9":4,"10":12,"11":4,"12":4,"13":4,"14":1,"15":4,"16":4,"17":4,"18":4,"19":4,"20":4,"21":3,"22":3,"23":3,"24":3,"25":3,"26":4,"27":4,"28":4,"29":4,"30":2,"31":2,"32":4,"33":3,"34":4,"35":9,"36":4,"37":4,"38":4,"39":4,"40":4,"41":12,"42":4,"43":4,"44":4,"45":1,"46":4,"47":4,"48":4,"49":4,"50":4,"51":4,"52":3,"53":3,"54":3,"55":3,"56":3,"57":4,"58":4,"59":4,"60":2,"61":2,"62":0,"63":2,"64":2,"65":2,"66":0,"67":0,"68":2},"f":{"0":6,"1":9,"2":4,"3":12,"4":4,"5":3,"6":9,"7":4,"8":12,"9":0,"10":0},"b":{"0":[2],"1":[2],"2":[4,0],"3":[0,4],"4":[4,4],"5":[4,0],"6":[0,4],"7":[4,4],"8":[0],"9":[4,0],"10":[1],"11":[4,1],"12":[1,3],"13":[3],"14":[0],"15":[0],"16":[4,0],"17":[0,4],"18":[4,4],"19":[4,0],"20":[0,4],"21":[4,4],"22":[0],"23":[4,0],"24":[1],"25":[4,1],"26":[1,3],"27":[3],"28":[0]}}
}
