TN:
SF:lib/index.ts
FN:3,(anonymous_0)
FN:5,(anonymous_1)
FN:6,(anonymous_2)
FN:11,(anonymous_3)
FN:41,(anonymous_4)
FN:43,(anonymous_5)
FN:44,(anonymous_6)
FN:46,(anonymous_7)
FN:51,(anonymous_8)
FN:79,(anonymous_9)
FNF:10
FNH:9
FNDA:4,(anonymous_0)
FNDA:12,(anonymous_1)
FNDA:4,(anonymous_2)
FNDA:12,(anonymous_3)
FNDA:4,(anonymous_4)
FNDA:4,(anonymous_5)
FNDA:12,(anonymous_6)
FNDA:4,(anonymous_7)
FNDA:12,(anonymous_8)
FNDA:0,(anonymous_9)
DA:1,2
DA:3,2
DA:4,4
DA:5,12
DA:6,4
DA:7,4
DA:8,4
DA:10,4
DA:11,12
DA:12,4
DA:13,4
DA:14,4
DA:15,4
DA:16,4
DA:17,1
DA:19,4
DA:20,4
DA:22,4
DA:23,4
DA:24,4
DA:25,4
DA:26,4
DA:27,4
DA:28,4
DA:29,4
DA:30,4
DA:32,4
DA:33,4
DA:34,4
DA:36,4
DA:41,2
DA:42,4
DA:43,4
DA:44,12
DA:46,4
DA:47,4
DA:48,4
DA:50,4
DA:51,12
DA:52,4
DA:53,4
DA:54,4
DA:55,4
DA:56,4
DA:57,1
DA:59,4
DA:60,4
DA:62,4
DA:63,4
DA:64,4
DA:65,4
DA:66,4
DA:67,4
DA:68,4
DA:69,4
DA:70,4
DA:72,4
DA:73,4
DA:74,4
DA:79,2
DA:80,0
LF:61
LH:60
BRDA:3,0,0,0
BRDA:3,1,0,0
BRDA:10,2,0,4
BRDA:10,2,1,0
BRDA:10,3,0,0
BRDA:10,3,1,4
BRDA:10,4,0,4
BRDA:10,4,1,4
BRDA:11,5,0,4
BRDA:11,5,1,0
BRDA:11,6,0,0
BRDA:11,6,1,4
BRDA:11,7,0,4
BRDA:11,7,1,4
BRDA:12,8,0,0
BRDA:12,9,0,0
BRDA:14,10,0,4
BRDA:14,10,1,0
BRDA:14,10,2,0
BRDA:16,11,0,1
BRDA:16,12,0,4
BRDA:16,12,1,3
BRDA:20,13,0,1
BRDA:20,13,1,3
BRDA:25,14,0,4
BRDA:41,15,0,0
BRDA:41,16,0,0
BRDA:50,17,0,4
BRDA:50,17,1,0
BRDA:50,18,0,0
BRDA:50,18,1,4
BRDA:50,19,0,4
BRDA:50,19,1,4
BRDA:51,20,0,4
BRDA:51,20,1,0
BRDA:51,21,0,0
BRDA:51,21,1,4
BRDA:51,22,0,4
BRDA:51,22,1,4
BRDA:52,23,0,0
BRDA:52,24,0,0
BRDA:54,25,0,4
BRDA:54,25,1,0
BRDA:54,25,2,0
BRDA:56,26,0,1
BRDA:56,27,0,4
BRDA:56,27,1,3
BRDA:60,28,0,1
BRDA:60,28,1,3
BRDA:65,29,0,4
BRF:50
BRH:30
end_of_record
