TN:
SF:lib/index.ts
FN:3,(anonymous_0)
FN:5,(anonymous_1)
FN:6,(anonymous_2)
FN:11,(anonymous_3)
FN:39,(anonymous_4)
FN:41,(anonymous_5)
FN:42,(anonymous_6)
FN:44,(anonymous_7)
FN:49,(anonymous_8)
FN:75,(anonymous_9)
FN:81,(anonymous_10)
FNF:11
FNH:9
FNDA:6,(anonymous_0)
FNDA:12,(anonymous_1)
FNDA:4,(anonymous_2)
FNDA:12,(anonymous_3)
FNDA:4,(anonymous_4)
FNDA:4,(anonymous_5)
FNDA:12,(anonymous_6)
FNDA:4,(anonymous_7)
FNDA:12,(anonymous_8)
FNDA:0,(anonymous_9)
FNDA:0,(anonymous_10)
DA:1,2
DA:3,2
DA:4,6
DA:5,12
DA:6,6
DA:7,4
DA:8,4
DA:10,4
DA:11,12
DA:12,4
DA:13,4
DA:14,4
DA:15,1
DA:17,4
DA:18,4
DA:20,4
DA:21,4
DA:22,4
DA:23,4
DA:24,4
DA:25,4
DA:26,4
DA:27,4
DA:28,4
DA:30,4
DA:31,4
DA:32,4
DA:34,4
DA:39,2
DA:40,4
DA:41,4
DA:42,12
DA:44,4
DA:45,4
DA:46,4
DA:48,4
DA:49,12
DA:50,4
DA:51,4
DA:52,4
DA:53,1
DA:55,4
DA:56,4
DA:58,4
DA:59,4
DA:60,4
DA:61,4
DA:62,4
DA:63,4
DA:64,4
DA:65,4
DA:66,4
DA:68,4
DA:69,4
DA:70,4
DA:75,2
DA:76,0
DA:79,2
DA:81,2
DA:84,0
DA:85,0
LF:61
LH:58
BRDA:3,0,0,2
BRDA:3,1,0,2
BRDA:10,2,0,4
BRDA:10,2,1,0
BRDA:10,3,0,0
BRDA:10,3,1,4
BRDA:10,4,0,4
BRDA:10,4,1,4
BRDA:11,5,0,4
BRDA:11,5,1,0
BRDA:11,6,0,0
BRDA:11,6,1,4
BRDA:11,7,0,4
BRDA:11,7,1,4
BRDA:12,8,0,0
BRDA:13,9,0,4
BRDA:13,9,1,0
BRDA:14,10,0,1
BRDA:14,11,0,4
BRDA:14,11,1,1
BRDA:17,12,0,4
BRDA:17,12,1,0
BRDA:18,13,0,1
BRDA:18,13,1,3
BRDA:18,14,0,4
BRDA:18,14,1,4
BRDA:23,15,0,4
BRDA:39,16,0,0
BRDA:39,17,0,0
BRDA:48,18,0,4
BRDA:48,18,1,0
BRDA:48,19,0,0
BRDA:48,19,1,4
BRDA:48,20,0,4
BRDA:48,20,1,4
BRDA:49,21,0,4
BRDA:49,21,1,0
BRDA:49,22,0,0
BRDA:49,22,1,4
BRDA:49,23,0,4
BRDA:49,23,1,4
BRDA:50,24,0,0
BRDA:51,25,0,4
BRDA:51,25,1,0
BRDA:52,26,0,1
BRDA:52,27,0,4
BRDA:52,27,1,1
BRDA:55,28,0,4
BRDA:55,28,1,0
BRDA:56,29,0,1
BRDA:56,29,1,3
BRDA:56,30,0,4
BRDA:56,30,1,4
BRDA:61,31,0,4
BRDA:81,32,0,0
BRF:55
BRH:38
end_of_record
